0 info it worked if it ends with ok
1 verbose cli [ '/home/ubuntu/.nvm/v0.10.35/bin/node',
1 verbose cli   '/home/ubuntu/.nvm/v0.10.35/bin/npm',
1 verbose cli   'install',
1 verbose cli   'jwt-ximple' ]
2 info using npm@1.4.28
3 info using node@v0.10.35
4 warn package.json llibresapi@ No repository field.
5 verbose readDependencies using package.json deps
6 verbose cache add [ 'jwt-ximple', null ]
7 verbose cache add name=undefined spec="jwt-ximple" args=["jwt-ximple",null]
8 verbose parsed url { protocol: null,
8 verbose parsed url   slashes: null,
8 verbose parsed url   auth: null,
8 verbose parsed url   host: null,
8 verbose parsed url   port: null,
8 verbose parsed url   hostname: null,
8 verbose parsed url   hash: null,
8 verbose parsed url   search: null,
8 verbose parsed url   query: null,
8 verbose parsed url   pathname: 'jwt-ximple',
8 verbose parsed url   path: 'jwt-ximple',
8 verbose parsed url   href: 'jwt-ximple' }
9 silly lockFile 729a02eb-jwt-ximple jwt-ximple
10 verbose lock jwt-ximple /home/ubuntu/.npm/729a02eb-jwt-ximple.lock
11 silly lockFile 729a02eb-jwt-ximple jwt-ximple
12 silly lockFile 729a02eb-jwt-ximple jwt-ximple
13 verbose addNamed [ 'jwt-ximple', '' ]
14 verbose addNamed [ null, '*' ]
15 silly lockFile f816ac8b-jwt-ximple jwt-ximple@
16 verbose lock jwt-ximple@ /home/ubuntu/.npm/f816ac8b-jwt-ximple.lock
17 silly addNameRange { name: 'jwt-ximple', range: '*', hasData: false }
18 verbose request where is /jwt-ximple
19 verbose request registry https://registry.npmjs.org/
20 verbose request id 65756468caf1fdb2
21 verbose url raw /jwt-ximple
22 verbose url resolving [ 'https://registry.npmjs.org/', './jwt-ximple' ]
23 verbose url resolved https://registry.npmjs.org/jwt-ximple
24 verbose request where is https://registry.npmjs.org/jwt-ximple
25 info trying registry request attempt 1 at 15:20:05
26 http GET https://registry.npmjs.org/jwt-ximple
27 http 404 https://registry.npmjs.org/jwt-ximple
28 verbose headers { date: 'Wed, 18 Feb 2015 15:20:05 GMT',
28 verbose headers   server: 'CouchDB/1.6.1 (Erlang OTP/R14B04)',
28 verbose headers   'content-type': 'application/json',
28 verbose headers   'cache-control': 'max-age=0',
28 verbose headers   'content-length': '52',
28 verbose headers   'accept-ranges': 'bytes',
28 verbose headers   via: '1.1 varnish',
28 verbose headers   age: '0',
28 verbose headers   'x-served-by': 'cache-lhr6328-LHR',
28 verbose headers   'x-cache': 'MISS',
28 verbose headers   'x-cache-hits': '0',
28 verbose headers   'x-timer': 'S1424272805.429539,VS0,VE99',
28 verbose headers   'keep-alive': 'timeout=10, max=50',
28 verbose headers   connection: 'Keep-Alive' }
29 silly registry.get cb [ 404,
29 silly registry.get   { date: 'Wed, 18 Feb 2015 15:20:05 GMT',
29 silly registry.get     server: 'CouchDB/1.6.1 (Erlang OTP/R14B04)',
29 silly registry.get     'content-type': 'application/json',
29 silly registry.get     'cache-control': 'max-age=0',
29 silly registry.get     'content-length': '52',
29 silly registry.get     'accept-ranges': 'bytes',
29 silly registry.get     via: '1.1 varnish',
29 silly registry.get     age: '0',
29 silly registry.get     'x-served-by': 'cache-lhr6328-LHR',
29 silly registry.get     'x-cache': 'MISS',
29 silly registry.get     'x-cache-hits': '0',
29 silly registry.get     'x-timer': 'S1424272805.429539,VS0,VE99',
29 silly registry.get     'keep-alive': 'timeout=10, max=50',
29 silly registry.get     connection: 'Keep-Alive' } ]
30 silly lockFile f816ac8b-jwt-ximple jwt-ximple@
31 silly lockFile f816ac8b-jwt-ximple jwt-ximple@
32 error 404 404 Not Found: jwt-ximple
32 error 404
32 error 404 'jwt-ximple' is not in the npm registry.
32 error 404 You should bug the author to publish it
32 error 404 It was specified as a dependency of 'llibresapi'
32 error 404
32 error 404 Note that you can also install from a
32 error 404 tarball, folder, or http url, or git url.
33 error System Linux 3.14.13-c9
34 error command "/home/ubuntu/.nvm/v0.10.35/bin/node" "/home/ubuntu/.nvm/v0.10.35/bin/npm" "install" "jwt-ximple"
35 error cwd /home/ubuntu/workspace/imatgesNodejs
36 error node -v v0.10.35
37 error npm -v 1.4.28
38 error code E404
39 verbose exit [ 1, true ]
